<?xml version="1.0" encoding="UTF-8"?>
<!-- Generated by org.testng.reporters.JUnitXMLReporter -->
<testsuite hostname="LAPTOP-AAM67GGJ" ignored="0" name="Guru99 Banking" tests="1" failures="1" timestamp="02 May 2019 16:37:42 GMT" time="39.845" errors="0">
  <testcase name="LoginTest" time="20.164" classname="com.inetBanking.Test.Login_TC001">
    <failure type="junit.framework.AssertionFailedError">
      <![CDATA[junit.framework.AssertionFailedError
at junit.framework.Assert.fail(Assert.java:47)
at junit.framework.Assert.assertTrue(Assert.java:20)
at junit.framework.Assert.assertTrue(Assert.java:27)
at com.inetBanking.Test.Login_TC001.LoginTest(Login_TC001.java:33)
... Removed 25 stack frames]]>
    </failure>
  </testcase> <!-- LoginTest -->
</testsuite> <!-- Guru99 Banking -->
